Command: /home/users5/sah6489/526L/Lab1/./simv -l Lab1.log
Chronologic VCS simulator copyright 1991-2023
Contains Synopsys proprietary information.
Compiler version U-2023.03-SP1_Full64; Runtime version U-2023.03-SP1_Full64;  Sep 17 00:05 2023
VCD+ Writer U-2023.03-SP1_Full64 Copyright (c) 1991-2023 by Synopsys Inc.
                   0 OUT= x A= 1 B= 1 C= 1 D= 1 SEL0= x SEL= x
                  10 OUT= 0 A= 0 B= 1 C= 0 D= 1 SEL0= 0 SEL= 0
                  30 OUT= 1 A= 0 B= 1 C= 0 D= 1 SEL0= 0 SEL= 1
                  50 OUT= 0 A= 0 B= 1 C= 0 D= 1 SEL0= 1 SEL= 0
                  70 OUT= 1 A= 0 B= 1 C= 0 D= 1 SEL0= 1 SEL= 1
                  80 OUT= 1 A= 1 B= 0 C= 1 D= 0 SEL0= 0 SEL= 0
                 100 OUT= 0 A= 1 B= 0 C= 1 D= 0 SEL0= 0 SEL= 1
                 120 OUT= 1 A= 1 B= 0 C= 1 D= 0 SEL0= 1 SEL= 0
                 140 OUT= 0 A= 1 B= 0 C= 1 D= 0 SEL0= 1 SEL= 1
$finish called from file "mux4_1_tb.v", line 37.
$finish at simulation time                  160
           V C S   S i m u l a t i o n   R e p o r t 
Time: 160 ns
CPU Time:      0.180 seconds;       Data structure size:   0.0Mb
Sun Sep 17 00:05:32 2023
